(---------------------------------------------------------------------)
(                                                                     )
(    NC DRILL Log                                                     )
(                                                                     )
(    Drawing          : CAD2.brd                                      )
(    Software Version : 17.2P019                                      )
(    Date/Time        : Wed Jul 31 12:09:13 2019                      )
(                                                                     )
(---------------------------------------------------------------------)



 Processing NC Parameters file 'nc_param.txt' ...

 NC PARAMETERS
 -------------

 FORMAT   		2.5
 MACHINE-OFFSET		x:0.00000	y:0.00000   (mm)
 FEEDRATE		1
 COORDINATES		ABSOLUTE
 OUTPUT-UNITS		METRIC
 TOOL-ORDER		INCREASING
 REPEAT-CODES		YES
 SUPPRESS-LEAD-ZEROES	NO
 SUPPRESS-TRAIL-ZEROES	NO
 SUPPRESS-EQUAL		NO
 TOOL-SELECT		NO
 HEADER			none
 LEADER			12
 CODE			ASCII
 SEPARATE		NO
 SEPARATE-ROUTING	NO
 OPTIMIZE_DRILLING	NO
 ENHANCED_EXCELLON	NO
 SCALE			1.000000



 Drill files being output to directory 'C:/USERS/USER/DESKTOP/VSCODE_ORCAD/WORKSPACE/CAD2/allegro/gerber' ...



     'CAD2-1-2.drl' created for holes connecting TOP and BOTTOM
     ----------------------------------------------------------

           Num     Size      +/- Tolerance     Plating   Quantity

            1.   0.9140    0.0000/  0.0000      PLATED         46
            2.   1.0670    0.0000/  0.0000      PLATED         34
            3.   3.1750    0.0000/  0.0000  NON_PLATED          4

     ---- Total holes:                                         84

     ---- Total head travel:              4.26 feet (1.30 meters)

